{
  "RSpec": {
    "coverage": {
      "/Users/Student/Projects/Bookmark_luke/spec/bookmark_spec.rb": [
        1,
        null,
        1,
        null,
        1,
        1,
        1,
        1,
        1,
        1,
        null,
        null,
        null,
        null
      ],
      "/Users/Student/Projects/Bookmark_luke/lib/bookmark.rb": [
        1,
        null,
        1,
        null,
        2,
        null,
        null,
        null,
        null,
        null,
        null
      ],
      "/Users/Student/Projects/Bookmark_luke/spec/features/bookmarks_spec.rb": [
        null,
        null,
        1,
        1,
        1,
        null,
        1,
        1,
        1,
        null,
        null
      ],
      "/Users/Student/Projects/Bookmark_luke/spec/features/index_spec.rb": [
        null,
        null,
        1,
        1,
        1,
        1,
        null,
        null
      ]
    },
    "timestamp": 1571668125
  }
}
